2025-03-27 21:10:12,515 [INFO] root - Log file created: logs\system_safety_tools_20250327_211012.log
File "d:\Users\ChenRunsen\My-Project\Application_Project\System-Safety-Tools\log_utils.py", Line 50, in function _setup_logging
2025-03-27 21:10:12,515 [INFO] root - system_tools_started
File "d:\Users\ChenRunsen\My-Project\Application_Project\System-Safety-Tools\log_utils.py", Line 51, in function _setup_logging
2025-03-27 21:10:12,864 [INFO] root - system_info
File "d:\Users\ChenRunsen\My-Project\Application_Project\System-Safety-Tools\log_utils.py", Line 70, in function _log_system_info
2025-03-27 21:10:12,865 [INFO] root -   python_version: 3.13.1 (tags/v3.13.1:0671451, Dec  3 2024, 19:06:28) [MSC v.1942 64 bit (AMD64)]
File "d:\Users\ChenRunsen\My-Project\Application_Project\System-Safety-Tools\log_utils.py", Line 72, in function _log_system_info
2025-03-27 21:10:12,866 [INFO] root -   platform_info: Windows-10-10.0.19045-SP0
File "d:\Users\ChenRunsen\My-Project\Application_Project\System-Safety-Tools\log_utils.py", Line 72, in function _log_system_info
2025-03-27 21:10:12,867 [INFO] root -   machine_type: AMD64
File "d:\Users\ChenRunsen\My-Project\Application_Project\System-Safety-Tools\log_utils.py", Line 72, in function _log_system_info
2025-03-27 21:10:12,868 [INFO] root -   processor: AMD64 Family 23 Model 17 Stepping 0, AuthenticAMD
File "d:\Users\ChenRunsen\My-Project\Application_Project\System-Safety-Tools\log_utils.py", Line 72, in function _log_system_info
2025-03-27 21:10:13,274 [INFO] delete_useless_file - Init cleanup module: ['C:', 'D:', 'E:']
File "d:\Users\ChenRunsen\My-Project\Application_Project\System-Safety-Tools\delete_useless_file.py", Line 21, in function __init__
2025-03-27 21:10:13,275 [INFO] tools - 驱动器检查工具初始化
File "d:\Users\ChenRunsen\My-Project\Application_Project\System-Safety-Tools\tools.py", Line 143, in function __init__
2025-03-27 21:10:13,276 [INFO] __main__ - Starting SystemSafetyTools
File "d:\Users\ChenRunsen\My-Project\Application_Project\System-Safety-Tools\system-safety-tools.py", Line 13, in function main
2025-03-27 21:10:13,278 [INFO] languages.language_config - Language set to: zh
File "d:\Users\ChenRunsen\My-Project\Application_Project\System-Safety-Tools\languages\language_config.py", Line 199, in function set_language
2025-03-27 21:10:13,278 [INFO] config.settings_manager - 已加载语言设置: zh
File "d:\Users\ChenRunsen\My-Project\Application_Project\System-Safety-Tools\config\settings_manager.py", Line 67, in function load_settings
2025-03-27 21:10:13,436 [INFO] user_interface - Initializing SystemSafetyToolsGUI
File "d:\Users\ChenRunsen\My-Project\Application_Project\System-Safety-Tools\user_interface.py", Line 719, in function __init__
2025-03-27 21:10:13,437 [INFO] user_interface - Theme configuration file not found, using default
File "d:\Users\ChenRunsen\My-Project\Application_Project\System-Safety-Tools\user_interface.py", Line 3229, in function _load_theme_config
2025-03-27 21:10:13,438 [INFO] user_interface - Setting up window
File "d:\Users\ChenRunsen\My-Project\Application_Project\System-Safety-Tools\user_interface.py", Line 786, in function setup_window
2025-03-27 21:10:13,438 [INFO] user_interface - Window configured with size 1075x604
File "d:\Users\ChenRunsen\My-Project\Application_Project\System-Safety-Tools\user_interface.py", Line 819, in function setup_window
2025-03-27 21:10:13,440 [INFO] user_interface - Styles set up successfully
File "d:\Users\ChenRunsen\My-Project\Application_Project\System-Safety-Tools\user_interface.py", Line 1142, in function setup_styles
2025-03-27 21:10:13,468 [INFO] user_interface - Loaded programmatically generated icons
File "d:\Users\ChenRunsen\My-Project\Application_Project\System-Safety-Tools\user_interface.py", Line 778, in function load_images
2025-03-27 21:10:13,469 [INFO] user_interface - Creating widgets
File "d:\Users\ChenRunsen\My-Project\Application_Project\System-Safety-Tools\user_interface.py", Line 1149, in function create_widgets
2025-03-27 21:10:13,475 [INFO] user_interface - Creating header
File "d:\Users\ChenRunsen\My-Project\Application_Project\System-Safety-Tools\user_interface.py", Line 1214, in function create_header
2025-03-27 21:10:14,344 [INFO] user_interface - Header created successfully
File "d:\Users\ChenRunsen\My-Project\Application_Project\System-Safety-Tools\user_interface.py", Line 1291, in function create_header
2025-03-27 21:10:14,350 [INFO] user_interface - Creating function buttons
File "d:\Users\ChenRunsen\My-Project\Application_Project\System-Safety-Tools\user_interface.py", Line 1298, in function create_function_buttons
2025-03-27 21:10:14,636 [INFO] user_interface - Created 9 function buttons
File "d:\Users\ChenRunsen\My-Project\Application_Project\System-Safety-Tools\user_interface.py", Line 1367, in function create_function_buttons
2025-03-27 21:10:14,637 [INFO] user_interface - Creating output area
File "d:\Users\ChenRunsen\My-Project\Application_Project\System-Safety-Tools\user_interface.py", Line 1398, in function create_output_area
2025-03-27 21:10:14,756 [INFO] user_interface - Output area created
File "d:\Users\ChenRunsen\My-Project\Application_Project\System-Safety-Tools\user_interface.py", Line 1440, in function create_output_area
2025-03-27 21:10:14,760 [INFO] user_interface - Status bar created successfully
File "d:\Users\ChenRunsen\My-Project\Application_Project\System-Safety-Tools\user_interface.py", Line 1207, in function create_status_bar
2025-03-27 21:10:14,760 [INFO] user_interface - Widgets created successfully
File "d:\Users\ChenRunsen\My-Project\Application_Project\System-Safety-Tools\user_interface.py", Line 1187, in function create_widgets
2025-03-27 21:10:14,765 [INFO] user_interface - Setting up output redirection
File "d:\Users\ChenRunsen\My-Project\Application_Project\System-Safety-Tools\user_interface.py", Line 1447, in function setup_output_redirect
2025-03-27 21:10:14,769 [INFO] user_interface - Output redirection set up successfully
File "d:\Users\ChenRunsen\My-Project\Application_Project\System-Safety-Tools\user_interface.py", Line 1467, in function setup_output_redirect
2025-03-27 21:10:14,771 [INFO] user_interface - Enhancing visual effects
File "d:\Users\ChenRunsen\My-Project\Application_Project\System-Safety-Tools\user_interface.py", Line 3307, in function enhance_visual_effects
2025-03-27 21:10:14,775 [INFO] user_interface - Button hover effects added
File "d:\Users\ChenRunsen\My-Project\Application_Project\System-Safety-Tools\user_interface.py", Line 3461, in function _add_button_hover_effects
2025-03-27 21:10:14,785 [INFO] user_interface - Visual effects enhanced
File "d:\Users\ChenRunsen\My-Project\Application_Project\System-Safety-Tools\user_interface.py", Line 3328, in function enhance_visual_effects
2025-03-27 21:10:14,786 [INFO] user_interface - Applying frame transition animations
File "d:\Users\ChenRunsen\My-Project\Application_Project\System-Safety-Tools\user_interface.py", Line 1778, in function animate_frame_transition
2025-03-27 21:10:14,787 [INFO] user_interface - SystemSafetyToolsGUI initialized
File "d:\Users\ChenRunsen\My-Project\Application_Project\System-Safety-Tools\user_interface.py", Line 764, in function __init__
2025-03-27 21:10:15,131 [DEBUG] user_interface - Window resized to 1075x604
File "d:\Users\ChenRunsen\My-Project\Application_Project\System-Safety-Tools\user_interface.py", Line 864, in function _on_window_resize
2025-03-27 21:10:23,964 [DEBUG] user_interface - Window resized to 1075x604
File "d:\Users\ChenRunsen\My-Project\Application_Project\System-Safety-Tools\user_interface.py", Line 864, in function _on_window_resize
2025-03-27 21:10:32,348 [DEBUG] user_interface - Window resized to 1075x604
File "d:\Users\ChenRunsen\My-Project\Application_Project\System-Safety-Tools\user_interface.py", Line 864, in function _on_window_resize
2025-03-27 21:10:39,447 [DEBUG] user_interface - Window resized to 1075x604
File "d:\Users\ChenRunsen\My-Project\Application_Project\System-Safety-Tools\user_interface.py", Line 864, in function _on_window_resize
2025-03-27 21:10:47,748 [DEBUG] user_interface - Window resized to 1075x604
File "d:\Users\ChenRunsen\My-Project\Application_Project\System-Safety-Tools\user_interface.py", Line 864, in function _on_window_resize
2025-03-27 21:10:49,794 [DEBUG] user_interface - Window resized to 1536x801
File "d:\Users\ChenRunsen\My-Project\Application_Project\System-Safety-Tools\user_interface.py", Line 864, in function _on_window_resize
2025-03-27 21:10:51,720 [DEBUG] user_interface - Window resized to 1075x604
File "d:\Users\ChenRunsen\My-Project\Application_Project\System-Safety-Tools\user_interface.py", Line 864, in function _on_window_resize
2025-03-27 21:11:11,288 [DEBUG] user_interface - Window resized to 1075x604
File "d:\Users\ChenRunsen\My-Project\Application_Project\System-Safety-Tools\user_interface.py", Line 864, in function _on_window_resize
2025-03-27 21:11:15,670 [DEBUG] user_interface - Window resized to 1075x604
File "d:\Users\ChenRunsen\My-Project\Application_Project\System-Safety-Tools\user_interface.py", Line 864, in function _on_window_resize
2025-03-27 21:11:30,434 [DEBUG] user_interface - Window resized to 1075x604
File "d:\Users\ChenRunsen\My-Project\Application_Project\System-Safety-Tools\user_interface.py", Line 864, in function _on_window_resize
