2025-03-27 18:22:37,522 [INFO] root - Log file created: logs\system_safety_tools_20250327_182237.log
File "d:\Users\ChenRunsen\My-Project\Application_Project\System-Safety-Tools\log_utils.py", Line 50, in function _setup_logging
2025-03-27 18:22:37,528 [INFO] root - system_tools_started
File "d:\Users\ChenRunsen\My-Project\Application_Project\System-Safety-Tools\log_utils.py", Line 51, in function _setup_logging
2025-03-27 18:22:37,805 [INFO] root - system_info
File "d:\Users\ChenRunsen\My-Project\Application_Project\System-Safety-Tools\log_utils.py", Line 70, in function _log_system_info
2025-03-27 18:22:37,806 [INFO] root -   python_version: 3.13.1 (tags/v3.13.1:0671451, Dec  3 2024, 19:06:28) [MSC v.1942 64 bit (AMD64)]
File "d:\Users\ChenRunsen\My-Project\Application_Project\System-Safety-Tools\log_utils.py", Line 72, in function _log_system_info
2025-03-27 18:22:37,807 [INFO] root -   platform_info: Windows-10-10.0.19045-SP0
File "d:\Users\ChenRunsen\My-Project\Application_Project\System-Safety-Tools\log_utils.py", Line 72, in function _log_system_info
2025-03-27 18:22:37,807 [INFO] root -   machine_type: AMD64
File "d:\Users\ChenRunsen\My-Project\Application_Project\System-Safety-Tools\log_utils.py", Line 72, in function _log_system_info
2025-03-27 18:22:37,808 [INFO] root -   processor: AMD64 Family 23 Model 17 Stepping 0, AuthenticAMD
File "d:\Users\ChenRunsen\My-Project\Application_Project\System-Safety-Tools\log_utils.py", Line 72, in function _log_system_info
2025-03-27 18:22:38,057 [INFO] delete_useless_file - Init cleanup module: ['C:', 'D:', 'E:']
File "d:\Users\ChenRunsen\My-Project\Application_Project\System-Safety-Tools\delete_useless_file.py", Line 21, in function __init__
2025-03-27 18:22:38,058 [INFO] tools - 驱动器检查工具初始化
File "d:\Users\ChenRunsen\My-Project\Application_Project\System-Safety-Tools\tools.py", Line 143, in function __init__
2025-03-27 18:22:38,059 [INFO] __main__ - Starting SystemSafetyTools
File "d:\Users\ChenRunsen\My-Project\Application_Project\System-Safety-Tools\system-safety-tools.py", Line 14, in function main
2025-03-27 18:22:38,061 [INFO] languages.language_config - Language set to: zh
File "d:\Users\ChenRunsen\My-Project\Application_Project\System-Safety-Tools\languages\language_config.py", Line 199, in function set_language
2025-03-27 18:22:38,062 [INFO] config.settings_manager - 已加载语言设置: zh
File "d:\Users\ChenRunsen\My-Project\Application_Project\System-Safety-Tools\config\settings_manager.py", Line 67, in function load_settings
2025-03-27 18:22:38,225 [INFO] user_interface - Loaded programmatically generated icons
File "d:\Users\ChenRunsen\My-Project\Application_Project\System-Safety-Tools\user_interface.py", Line 721, in function load_images
2025-03-27 18:22:38,457 [INFO] user_interface - GUI interface initialized
File "d:\Users\ChenRunsen\My-Project\Application_Project\System-Safety-Tools\user_interface.py", Line 711, in function __init__
2025-03-27 18:22:43,296 [WARNING] languages.language_config - String key not found: running, using key as value
File "d:\Users\ChenRunsen\My-Project\Application_Project\System-Safety-Tools\languages\language_config.py", Line 235, in function get_string
2025-03-27 18:22:43,309 [INFO] user_interface - Running tool: 1
File "d:\Users\ChenRunsen\My-Project\Application_Project\System-Safety-Tools\user_interface.py", Line 1163, in function run_in_thread
2025-03-27 18:22:43,310 [INFO] system_check_fix - Running system file checker (sfc /scannow)
File "d:\Users\ChenRunsen\My-Project\Application_Project\System-Safety-Tools\system_check_fix.py", Line 18, in function sfc_scannow
2025-03-27 18:22:43,568 [ERROR] system_check_fix - SFC failed with return code: 1
File "d:\Users\ChenRunsen\My-Project\Application_Project\System-Safety-Tools\system_check_fix.py", Line 43, in function sfc_scannow
2025-03-27 18:22:43,569 [ERROR] system_check_fix - Error output: 
File "d:\Users\ChenRunsen\My-Project\Application_Project\System-Safety-Tools\system_check_fix.py", Line 44, in function sfc_scannow
2025-03-27 18:22:43,643 [WARNING] languages.language_config - String key not found: completed, using key as value
File "d:\Users\ChenRunsen\My-Project\Application_Project\System-Safety-Tools\languages\language_config.py", Line 235, in function get_string
2025-03-27 18:22:45,997 [WARNING] languages.language_config - String key not found: running, using key as value
File "d:\Users\ChenRunsen\My-Project\Application_Project\System-Safety-Tools\languages\language_config.py", Line 235, in function get_string
2025-03-27 18:22:46,006 [INFO] user_interface - Running tool: 3
File "d:\Users\ChenRunsen\My-Project\Application_Project\System-Safety-Tools\user_interface.py", Line 1163, in function run_in_thread
2025-03-27 18:22:46,053 [WARNING] languages.language_config - String key not found: completed, using key as value
File "d:\Users\ChenRunsen\My-Project\Application_Project\System-Safety-Tools\languages\language_config.py", Line 235, in function get_string
2025-03-27 18:22:47,818 [INFO] user_interface - Normal display mode selected
File "d:\Users\ChenRunsen\My-Project\Application_Project\System-Safety-Tools\user_interface.py", Line 2009, in function show_gpu_mode_dialog
2025-03-27 18:22:47,819 [INFO] gpu_info - Getting GPU info
File "d:\Users\ChenRunsen\My-Project\Application_Project\System-Safety-Tools\gpu_info.py", Line 14, in function get_gpu_info
2025-03-27 18:22:47,916 [INFO] gpu_info - Getting GPU basic info
File "d:\Users\ChenRunsen\My-Project\Application_Project\System-Safety-Tools\gpu_info.py", Line 38, in function get_gpu_info
2025-03-27 18:22:48,191 [INFO] gpu_info - GPU info found
File "d:\Users\ChenRunsen\My-Project\Application_Project\System-Safety-Tools\gpu_info.py", Line 54, in function get_gpu_info
2025-03-27 18:22:48,192 [WARNING] languages.language_config - String key not found: gpu_info, using key as value
File "d:\Users\ChenRunsen\My-Project\Application_Project\System-Safety-Tools\languages\language_config.py", Line 235, in function get_string
2025-03-27 18:22:48,193 [WARNING] languages.language_config - String key not found: gpu_info_limited, using key as value
File "d:\Users\ChenRunsen\My-Project\Application_Project\System-Safety-Tools\languages\language_config.py", Line 235, in function get_string
2025-03-27 18:22:48,196 [WARNING] user_interface - GPU error: Command '['cmd.exe', '/c', 'nvidia-smi']' returned non-zero exit status 1.
File "d:\Users\ChenRunsen\My-Project\Application_Project\System-Safety-Tools\user_interface.py", Line 2012, in function show_gpu_mode_dialog
2025-03-27 18:22:49,582 [WARNING] languages.language_config - String key not found: running, using key as value
File "d:\Users\ChenRunsen\My-Project\Application_Project\System-Safety-Tools\languages\language_config.py", Line 235, in function get_string
2025-03-27 18:22:49,590 [INFO] user_interface - Running tool: 3
File "d:\Users\ChenRunsen\My-Project\Application_Project\System-Safety-Tools\user_interface.py", Line 1163, in function run_in_thread
2025-03-27 18:22:49,650 [WARNING] languages.language_config - String key not found: completed, using key as value
File "d:\Users\ChenRunsen\My-Project\Application_Project\System-Safety-Tools\languages\language_config.py", Line 235, in function get_string
2025-03-27 18:22:51,204 [INFO] user_interface - Continuous display mode selected
File "d:\Users\ChenRunsen\My-Project\Application_Project\System-Safety-Tools\user_interface.py", Line 2015, in function show_gpu_mode_dialog
2025-03-27 18:22:51,269 [INFO] gpu_info - Getting GPU info
File "d:\Users\ChenRunsen\My-Project\Application_Project\System-Safety-Tools\gpu_info.py", Line 14, in function get_gpu_info
2025-03-27 18:22:51,344 [INFO] gpu_info - Getting GPU basic info
File "d:\Users\ChenRunsen\My-Project\Application_Project\System-Safety-Tools\gpu_info.py", Line 38, in function get_gpu_info
2025-03-27 18:22:51,535 [INFO] gpu_info - GPU info found
File "d:\Users\ChenRunsen\My-Project\Application_Project\System-Safety-Tools\gpu_info.py", Line 54, in function get_gpu_info
2025-03-27 18:22:51,535 [WARNING] languages.language_config - String key not found: gpu_info, using key as value
File "d:\Users\ChenRunsen\My-Project\Application_Project\System-Safety-Tools\languages\language_config.py", Line 235, in function get_string
2025-03-27 18:22:51,543 [WARNING] languages.language_config - String key not found: gpu_info_limited, using key as value
File "d:\Users\ChenRunsen\My-Project\Application_Project\System-Safety-Tools\languages\language_config.py", Line 235, in function get_string
2025-03-27 18:22:51,557 [WARNING] user_interface - GPU error: Command '['cmd.exe', '/c', 'nvidia-smi']' returned non-zero exit status 1.
File "d:\Users\ChenRunsen\My-Project\Application_Project\System-Safety-Tools\user_interface.py", Line 2026, in function monitor_gpu
2025-03-27 18:23:16,263 [WARNING] languages.language_config - String key not found: running, using key as value
File "d:\Users\ChenRunsen\My-Project\Application_Project\System-Safety-Tools\languages\language_config.py", Line 235, in function get_string
2025-03-27 18:23:16,273 [INFO] user_interface - Running tool: 5
File "d:\Users\ChenRunsen\My-Project\Application_Project\System-Safety-Tools\user_interface.py", Line 1163, in function run_in_thread
2025-03-27 18:23:16,323 [WARNING] languages.language_config - String key not found: completed, using key as value
File "d:\Users\ChenRunsen\My-Project\Application_Project\System-Safety-Tools\languages\language_config.py", Line 235, in function get_string
2025-03-27 18:23:17,951 [INFO] user_interface - DISM auto option selected
File "d:\Users\ChenRunsen\My-Project\Application_Project\System-Safety-Tools\user_interface.py", Line 2067, in function show_dism_options_dialog
2025-03-27 18:23:18,038 [ERROR] system_check_fix - Dism health check error: Command '['DISM.exe', '/Online', '/Cleanup-Image', '/ScanHealth']' returned non-zero exit status 740.
File "d:\Users\ChenRunsen\My-Project\Application_Project\System-Safety-Tools\system_check_fix.py", Line 203, in function auto_dism_check_and_restore_health
2025-03-27 18:23:23,256 [WARNING] languages.language_config - String key not found: running, using key as value
File "d:\Users\ChenRunsen\My-Project\Application_Project\System-Safety-Tools\languages\language_config.py", Line 235, in function get_string
2025-03-27 18:23:23,267 [INFO] user_interface - Running tool: 8
File "d:\Users\ChenRunsen\My-Project\Application_Project\System-Safety-Tools\user_interface.py", Line 1163, in function run_in_thread
2025-03-27 18:23:23,268 [INFO] tools - Start boot repair
File "d:\Users\ChenRunsen\My-Project\Application_Project\System-Safety-Tools\tools.py", Line 241, in function fix_boot
2025-03-27 18:23:32,055 [INFO] tools - Exit boot repair
File "d:\Users\ChenRunsen\My-Project\Application_Project\System-Safety-Tools\tools.py", Line 246, in function fix_boot
2025-03-27 18:23:32,089 [WARNING] languages.language_config - String key not found: completed, using key as value
File "d:\Users\ChenRunsen\My-Project\Application_Project\System-Safety-Tools\languages\language_config.py", Line 235, in function get_string
2025-03-27 18:23:37,536 [INFO] user_interface - Application closing
File "d:\Users\ChenRunsen\My-Project\Application_Project\System-Safety-Tools\user_interface.py", Line 1257, in function on_close
