2025-03-27 19:17:49,557 [INFO] root - Log file created: logs\system_safety_tools_20250327_191749.log
File "d:\Users\ChenRunsen\My-Project\Application_Project\System-Safety-Tools\log_utils.py", Line 50, in function _setup_logging
2025-03-27 19:17:49,559 [INFO] root - system_tools_started
File "d:\Users\ChenRunsen\My-Project\Application_Project\System-Safety-Tools\log_utils.py", Line 51, in function _setup_logging
2025-03-27 19:17:49,809 [INFO] root - system_info
File "d:\Users\ChenRunsen\My-Project\Application_Project\System-Safety-Tools\log_utils.py", Line 70, in function _log_system_info
2025-03-27 19:17:49,817 [INFO] root -   python_version: 3.13.1 (tags/v3.13.1:0671451, Dec  3 2024, 19:06:28) [MSC v.1942 64 bit (AMD64)]
File "d:\Users\ChenRunsen\My-Project\Application_Project\System-Safety-Tools\log_utils.py", Line 72, in function _log_system_info
2025-03-27 19:17:49,818 [INFO] root -   platform_info: Windows-10-10.0.19045-SP0
File "d:\Users\ChenRunsen\My-Project\Application_Project\System-Safety-Tools\log_utils.py", Line 72, in function _log_system_info
2025-03-27 19:17:49,819 [INFO] root -   machine_type: AMD64
File "d:\Users\ChenRunsen\My-Project\Application_Project\System-Safety-Tools\log_utils.py", Line 72, in function _log_system_info
2025-03-27 19:17:49,819 [INFO] root -   processor: AMD64 Family 23 Model 17 Stepping 0, AuthenticAMD
File "d:\Users\ChenRunsen\My-Project\Application_Project\System-Safety-Tools\log_utils.py", Line 72, in function _log_system_info
2025-03-27 19:17:49,920 [INFO] delete_useless_file - Init cleanup module: ['C:', 'D:', 'E:']
File "d:\Users\ChenRunsen\My-Project\Application_Project\System-Safety-Tools\delete_useless_file.py", Line 21, in function __init__
2025-03-27 19:17:49,921 [INFO] tools - 驱动器检查工具初始化
File "d:\Users\ChenRunsen\My-Project\Application_Project\System-Safety-Tools\tools.py", Line 143, in function __init__
2025-03-27 19:17:49,924 [INFO] __main__ - Starting SystemSafetyTools
File "d:\Users\ChenRunsen\My-Project\Application_Project\System-Safety-Tools\system-safety-tools.py", Line 14, in function main
2025-03-27 19:17:49,928 [INFO] languages.language_config - Language set to: zh
File "d:\Users\ChenRunsen\My-Project\Application_Project\System-Safety-Tools\languages\language_config.py", Line 199, in function set_language
2025-03-27 19:17:49,930 [INFO] config.settings_manager - 已加载语言设置: zh
File "d:\Users\ChenRunsen\My-Project\Application_Project\System-Safety-Tools\config\settings_manager.py", Line 67, in function load_settings
2025-03-27 19:17:50,076 [INFO] user_interface - Initializing SystemSafetyToolsGUI
File "d:\Users\ChenRunsen\My-Project\Application_Project\System-Safety-Tools\user_interface.py", Line 691, in function __init__
2025-03-27 19:17:50,077 [INFO] user_interface - Theme configuration file not found, using default
File "d:\Users\ChenRunsen\My-Project\Application_Project\System-Safety-Tools\user_interface.py", Line 3009, in function _load_theme_config
2025-03-27 19:17:50,273 [INFO] user_interface - Loaded programmatically generated icons
File "d:\Users\ChenRunsen\My-Project\Application_Project\System-Safety-Tools\user_interface.py", Line 736, in function load_images
2025-03-27 19:17:50,474 [INFO] user_interface - Enhancing visual effects
File "d:\Users\ChenRunsen\My-Project\Application_Project\System-Safety-Tools\user_interface.py", Line 3087, in function enhance_visual_effects
2025-03-27 19:17:50,476 [ERROR] user_interface - Error adding shadow effects: invalid color name "#00000026"
File "d:\Users\ChenRunsen\My-Project\Application_Project\System-Safety-Tools\user_interface.py", Line 3137, in function _add_shadow_effects
2025-03-27 19:17:50,479 [INFO] user_interface - Visual effects enhanced
File "d:\Users\ChenRunsen\My-Project\Application_Project\System-Safety-Tools\user_interface.py", Line 3108, in function enhance_visual_effects
2025-03-27 19:17:50,480 [INFO] user_interface - SystemSafetyToolsGUI initialized
File "d:\Users\ChenRunsen\My-Project\Application_Project\System-Safety-Tools\user_interface.py", Line 726, in function __init__
2025-03-27 19:17:52,746 [INFO] user_interface - Application closing
File "d:\Users\ChenRunsen\My-Project\Application_Project\System-Safety-Tools\user_interface.py", Line 1247, in function on_close
