2025-03-24 20:22:29,639 [INFO] root - Log file created: logs\system_safety_tools_20250324_202229.log
File "d:\Users\ChenRunsen\My-Project\Application_Project\System-Safety-Tools\log_utils.py", Line 50, in function _setup_logging
2025-03-24 20:22:29,640 [INFO] root - system_tools_started
File "d:\Users\ChenRunsen\My-Project\Application_Project\System-Safety-Tools\log_utils.py", Line 51, in function _setup_logging
2025-03-24 20:22:30,096 [INFO] root - system_info
File "d:\Users\ChenRunsen\My-Project\Application_Project\System-Safety-Tools\log_utils.py", Line 70, in function _log_system_info
2025-03-24 20:22:30,097 [INFO] root -   python_version: 3.13.1 (tags/v3.13.1:0671451, Dec  3 2024, 19:06:28) [MSC v.1942 64 bit (AMD64)]
File "d:\Users\ChenRunsen\My-Project\Application_Project\System-Safety-Tools\log_utils.py", Line 72, in function _log_system_info
2025-03-24 20:22:30,097 [INFO] root -   platform_info: Windows-10-10.0.19045-SP0
File "d:\Users\ChenRunsen\My-Project\Application_Project\System-Safety-Tools\log_utils.py", Line 72, in function _log_system_info
2025-03-24 20:22:30,097 [INFO] root -   machine_type: AMD64
File "d:\Users\ChenRunsen\My-Project\Application_Project\System-Safety-Tools\log_utils.py", Line 72, in function _log_system_info
2025-03-24 20:22:30,097 [INFO] root -   processor: AMD64 Family 23 Model 17 Stepping 0, AuthenticAMD
File "d:\Users\ChenRunsen\My-Project\Application_Project\System-Safety-Tools\log_utils.py", Line 72, in function _log_system_info
2025-03-24 20:22:30,442 [INFO] delete_useless_file - Init cleanup module: ['C:', 'D:', 'E:']
File "d:\Users\ChenRunsen\My-Project\Application_Project\System-Safety-Tools\delete_useless_file.py", Line 21, in function __init__
2025-03-24 20:22:30,443 [INFO] tools - 缺失的字符串键值: driver_check_tool_init
File "d:\Users\ChenRunsen\My-Project\Application_Project\System-Safety-Tools\tools.py", Line 143, in function __init__
2025-03-24 20:22:30,445 [INFO] __main__ - Starting SystemSafetyTools
File "d:\Users\ChenRunsen\My-Project\Application_Project\System-Safety-Tools\system-safety-tools.py", Line 14, in function main
2025-03-24 20:22:30,448 [INFO] config.settings_manager - 已加载语言设置: zh
File "d:\Users\ChenRunsen\My-Project\Application_Project\System-Safety-Tools\config\settings_manager.py", Line 67, in function load_settings
2025-03-24 20:22:33,516 [INFO] user_interface - GUI interface initialized
File "d:\Users\ChenRunsen\My-Project\Application_Project\System-Safety-Tools\user_interface.py", Line 762, in function __init__
2025-03-24 20:22:37,024 [INFO] user_interface - Running tool: 1
File "d:\Users\ChenRunsen\My-Project\Application_Project\System-Safety-Tools\user_interface.py", Line 1247, in function run_in_thread
2025-03-24 20:22:37,025 [INFO] system_check_fix - Running system file checker (sfc /scannow)
File "d:\Users\ChenRunsen\My-Project\Application_Project\System-Safety-Tools\system_check_fix.py", Line 18, in function sfc_scannow
2025-03-24 20:22:37,095 [ERROR] system_check_fix - SFC failed with return code: 1
File "d:\Users\ChenRunsen\My-Project\Application_Project\System-Safety-Tools\system_check_fix.py", Line 43, in function sfc_scannow
2025-03-24 20:22:37,095 [ERROR] system_check_fix - Error output: 
File "d:\Users\ChenRunsen\My-Project\Application_Project\System-Safety-Tools\system_check_fix.py", Line 44, in function sfc_scannow
2025-03-24 20:22:39,038 [INFO] user_interface - Running tool: 3
File "d:\Users\ChenRunsen\My-Project\Application_Project\System-Safety-Tools\user_interface.py", Line 1247, in function run_in_thread
2025-03-24 20:22:39,038 [INFO] tools - GPU basic info
File "d:\Users\ChenRunsen\My-Project\Application_Project\System-Safety-Tools\tools.py", Line 60, in function gpu_basic_info
2025-03-24 20:22:53,759 [INFO] tools - 启动 Windows DISM 工具
File "d:\Users\ChenRunsen\My-Project\Application_Project\System-Safety-Tools\tools.py", Line 23, in function windows_dism_tools
2025-03-24 20:23:06,436 [INFO] user_interface - Application closing
File "d:\Users\ChenRunsen\My-Project\Application_Project\System-Safety-Tools\user_interface.py", Line 1330, in function on_close
