2025-03-28 07:06:08,715 [INFO] root - Log file created: logs\system_safety_tools_20250328_070608.log
File "D:\Users\ChenRunsen\My-Project\Application_Project\System-Safety-Tools\log_utils.py", Line 50, in function _setup_logging
2025-03-28 07:06:08,716 [INFO] root - system_tools_started
File "D:\Users\ChenRunsen\My-Project\Application_Project\System-Safety-Tools\log_utils.py", Line 51, in function _setup_logging
2025-03-28 07:06:09,021 [INFO] root - system_info
File "D:\Users\ChenRunsen\My-Project\Application_Project\System-Safety-Tools\log_utils.py", Line 70, in function _log_system_info
2025-03-28 07:06:09,022 [INFO] root -   python_version: 3.13.1 (tags/v3.13.1:0671451, Dec  3 2024, 19:06:28) [MSC v.1942 64 bit (AMD64)]
File "D:\Users\ChenRunsen\My-Project\Application_Project\System-Safety-Tools\log_utils.py", Line 72, in function _log_system_info
2025-03-28 07:06:09,023 [INFO] root -   platform_info: Windows-10-10.0.19045-SP0
File "D:\Users\ChenRunsen\My-Project\Application_Project\System-Safety-Tools\log_utils.py", Line 72, in function _log_system_info
2025-03-28 07:06:09,023 [INFO] root -   machine_type: AMD64
File "D:\Users\ChenRunsen\My-Project\Application_Project\System-Safety-Tools\log_utils.py", Line 72, in function _log_system_info
2025-03-28 07:06:09,024 [INFO] root -   processor: AMD64 Family 23 Model 17 Stepping 0, AuthenticAMD
File "D:\Users\ChenRunsen\My-Project\Application_Project\System-Safety-Tools\log_utils.py", Line 72, in function _log_system_info
2025-03-28 07:06:09,112 [INFO] delete_useless_file - Init cleanup module: ['C:', 'D:', 'E:']
File "D:\Users\ChenRunsen\My-Project\Application_Project\System-Safety-Tools\delete_useless_file.py", Line 21, in function __init__
2025-03-28 07:06:09,112 [INFO] tools - 驱动器检查工具初始化
File "D:\Users\ChenRunsen\My-Project\Application_Project\System-Safety-Tools\tools.py", Line 128, in function __init__
2025-03-28 07:06:09,252 [INFO] __main__ - Starting System Safety Tools
File "D:\Users\ChenRunsen\My-Project\Application_Project\System-Safety-Tools\system-safety-tools.py", Line 12, in function main
2025-03-28 07:06:09,254 [INFO] languages.language_config - Language set to: zh
File "D:\Users\ChenRunsen\My-Project\Application_Project\System-Safety-Tools\languages\language_config.py", Line 199, in function set_language
2025-03-28 07:06:09,255 [INFO] config.settings_manager - 已加载语言设置: zh
File "D:\Users\ChenRunsen\My-Project\Application_Project\System-Safety-Tools\config\settings_manager.py", Line 67, in function load_settings
2025-03-28 07:06:09,426 [INFO] user_interface - Initializing SystemSafetyToolsGUI
File "D:\Users\ChenRunsen\My-Project\Application_Project\System-Safety-Tools\user_interface.py", Line 702, in function __init__
2025-03-28 07:06:09,427 [INFO] user_interface - Theme configuration file not found, using default
File "D:\Users\ChenRunsen\My-Project\Application_Project\System-Safety-Tools\user_interface.py", Line 3565, in function _load_theme_config
2025-03-28 07:06:09,428 [INFO] user_interface - Setting up window
File "D:\Users\ChenRunsen\My-Project\Application_Project\System-Safety-Tools\user_interface.py", Line 767, in function setup_window
2025-03-28 07:06:09,429 [INFO] user_interface - Window configured with size 1344x756
File "D:\Users\ChenRunsen\My-Project\Application_Project\System-Safety-Tools\user_interface.py", Line 800, in function setup_window
2025-03-28 07:06:09,431 [INFO] user_interface - Styles set up successfully
File "D:\Users\ChenRunsen\My-Project\Application_Project\System-Safety-Tools\user_interface.py", Line 1122, in function setup_styles
2025-03-28 07:06:09,463 [INFO] user_interface - Loaded programmatically generated icons
File "D:\Users\ChenRunsen\My-Project\Application_Project\System-Safety-Tools\user_interface.py", Line 759, in function load_images
2025-03-28 07:06:09,464 [INFO] user_interface - Creating widgets
File "D:\Users\ChenRunsen\My-Project\Application_Project\System-Safety-Tools\user_interface.py", Line 1129, in function create_widgets
2025-03-28 07:06:09,470 [INFO] user_interface - Creating header
File "D:\Users\ChenRunsen\My-Project\Application_Project\System-Safety-Tools\user_interface.py", Line 1194, in function create_header
2025-03-28 07:06:10,260 [INFO] user_interface - Header created successfully
File "D:\Users\ChenRunsen\My-Project\Application_Project\System-Safety-Tools\user_interface.py", Line 1271, in function create_header
2025-03-28 07:06:10,263 [INFO] user_interface - Creating function buttons
File "D:\Users\ChenRunsen\My-Project\Application_Project\System-Safety-Tools\user_interface.py", Line 1278, in function create_function_buttons
2025-03-28 07:06:10,541 [INFO] user_interface - Created 9 function buttons
File "D:\Users\ChenRunsen\My-Project\Application_Project\System-Safety-Tools\user_interface.py", Line 1347, in function create_function_buttons
2025-03-28 07:06:10,542 [INFO] user_interface - Creating output area
File "D:\Users\ChenRunsen\My-Project\Application_Project\System-Safety-Tools\user_interface.py", Line 1378, in function create_output_area
2025-03-28 07:06:10,642 [INFO] user_interface - Output area created
File "D:\Users\ChenRunsen\My-Project\Application_Project\System-Safety-Tools\user_interface.py", Line 1420, in function create_output_area
2025-03-28 07:06:10,652 [INFO] user_interface - Status bar created successfully
File "D:\Users\ChenRunsen\My-Project\Application_Project\System-Safety-Tools\user_interface.py", Line 1187, in function create_status_bar
2025-03-28 07:06:10,655 [INFO] user_interface - Widgets created successfully
File "D:\Users\ChenRunsen\My-Project\Application_Project\System-Safety-Tools\user_interface.py", Line 1167, in function create_widgets
2025-03-28 07:06:10,657 [INFO] user_interface - Setting up output redirection
File "D:\Users\ChenRunsen\My-Project\Application_Project\System-Safety-Tools\user_interface.py", Line 1427, in function setup_output_redirect
2025-03-28 07:06:10,660 [INFO] user_interface - Output redirection set up successfully
File "D:\Users\ChenRunsen\My-Project\Application_Project\System-Safety-Tools\user_interface.py", Line 1447, in function setup_output_redirect
2025-03-28 07:06:10,665 [INFO] user_interface - Enhancing visual effects
File "D:\Users\ChenRunsen\My-Project\Application_Project\System-Safety-Tools\user_interface.py", Line 3643, in function enhance_visual_effects
2025-03-28 07:06:10,667 [INFO] user_interface - Button hover effects added
File "D:\Users\ChenRunsen\My-Project\Application_Project\System-Safety-Tools\user_interface.py", Line 3797, in function _add_button_hover_effects
2025-03-28 07:06:10,669 [INFO] user_interface - Visual effects enhanced
File "D:\Users\ChenRunsen\My-Project\Application_Project\System-Safety-Tools\user_interface.py", Line 3664, in function enhance_visual_effects
2025-03-28 07:06:10,670 [INFO] user_interface - Applying frame transition animations
File "D:\Users\ChenRunsen\My-Project\Application_Project\System-Safety-Tools\user_interface.py", Line 1734, in function animate_frame_transition
2025-03-28 07:06:10,672 [INFO] user_interface - SystemSafetyToolsGUI initialized
File "D:\Users\ChenRunsen\My-Project\Application_Project\System-Safety-Tools\user_interface.py", Line 747, in function __init__
2025-03-28 07:06:11,010 [DEBUG] user_interface - Window resized to 1344x756
File "D:\Users\ChenRunsen\My-Project\Application_Project\System-Safety-Tools\user_interface.py", Line 844, in function _on_window_resize
