2025-03-27 20:04:16,983 [INFO] root - Log file created: logs\system_safety_tools_20250327_200416.log
File "d:\Users\ChenRunsen\My-Project\Application_Project\System-Safety-Tools\log_utils.py", Line 50, in function _setup_logging
2025-03-27 20:04:16,984 [INFO] root - system_tools_started
File "d:\Users\ChenRunsen\My-Project\Application_Project\System-Safety-Tools\log_utils.py", Line 51, in function _setup_logging
2025-03-27 20:04:17,217 [INFO] root - system_info
File "d:\Users\ChenRunsen\My-Project\Application_Project\System-Safety-Tools\log_utils.py", Line 70, in function _log_system_info
2025-03-27 20:04:17,226 [INFO] root -   python_version: 3.13.1 (tags/v3.13.1:0671451, Dec  3 2024, 19:06:28) [MSC v.1942 64 bit (AMD64)]
File "d:\Users\ChenRunsen\My-Project\Application_Project\System-Safety-Tools\log_utils.py", Line 72, in function _log_system_info
2025-03-27 20:04:17,229 [INFO] root -   platform_info: Windows-10-10.0.19045-SP0
File "d:\Users\ChenRunsen\My-Project\Application_Project\System-Safety-Tools\log_utils.py", Line 72, in function _log_system_info
2025-03-27 20:04:17,231 [INFO] root -   machine_type: AMD64
File "d:\Users\ChenRunsen\My-Project\Application_Project\System-Safety-Tools\log_utils.py", Line 72, in function _log_system_info
2025-03-27 20:04:17,233 [INFO] root -   processor: AMD64 Family 23 Model 17 Stepping 0, AuthenticAMD
File "d:\Users\ChenRunsen\My-Project\Application_Project\System-Safety-Tools\log_utils.py", Line 72, in function _log_system_info
2025-03-27 20:04:17,595 [INFO] delete_useless_file - Init cleanup module: ['C:', 'D:', 'E:']
File "d:\Users\ChenRunsen\My-Project\Application_Project\System-Safety-Tools\delete_useless_file.py", Line 21, in function __init__
2025-03-27 20:04:17,596 [INFO] tools - 驱动器检查工具初始化
File "d:\Users\ChenRunsen\My-Project\Application_Project\System-Safety-Tools\tools.py", Line 143, in function __init__
2025-03-27 20:04:17,597 [INFO] __main__ - Starting SystemSafetyTools
File "d:\Users\ChenRunsen\My-Project\Application_Project\System-Safety-Tools\system-safety-tools.py", Line 14, in function main
2025-03-27 20:04:17,599 [INFO] languages.language_config - Language set to: zh
File "d:\Users\ChenRunsen\My-Project\Application_Project\System-Safety-Tools\languages\language_config.py", Line 199, in function set_language
2025-03-27 20:04:17,599 [INFO] config.settings_manager - 已加载语言设置: zh
File "d:\Users\ChenRunsen\My-Project\Application_Project\System-Safety-Tools\config\settings_manager.py", Line 67, in function load_settings
2025-03-27 20:04:17,732 [INFO] user_interface - Initializing SystemSafetyToolsGUI
File "d:\Users\ChenRunsen\My-Project\Application_Project\System-Safety-Tools\user_interface.py", Line 709, in function __init__
2025-03-27 20:04:17,733 [INFO] user_interface - Theme configuration file not found, using default
File "d:\Users\ChenRunsen\My-Project\Application_Project\System-Safety-Tools\user_interface.py", Line 3092, in function _load_theme_config
2025-03-27 20:04:17,733 [INFO] user_interface - Setting up window
File "d:\Users\ChenRunsen\My-Project\Application_Project\System-Safety-Tools\user_interface.py", Line 776, in function setup_window
2025-03-27 20:04:17,735 [INFO] user_interface - Window configured with size 1075x604
File "d:\Users\ChenRunsen\My-Project\Application_Project\System-Safety-Tools\user_interface.py", Line 809, in function setup_window
2025-03-27 20:04:17,736 [INFO] user_interface - Setting up styles
File "d:\Users\ChenRunsen\My-Project\Application_Project\System-Safety-Tools\user_interface.py", Line 839, in function setup_styles
2025-03-27 20:04:17,738 [INFO] user_interface - Styles set up successfully
File "d:\Users\ChenRunsen\My-Project\Application_Project\System-Safety-Tools\user_interface.py", Line 1098, in function setup_styles
2025-03-27 20:04:17,774 [INFO] user_interface - Loaded programmatically generated icons
File "d:\Users\ChenRunsen\My-Project\Application_Project\System-Safety-Tools\user_interface.py", Line 768, in function load_images
2025-03-27 20:04:17,775 [INFO] user_interface - Creating widgets
File "d:\Users\ChenRunsen\My-Project\Application_Project\System-Safety-Tools\user_interface.py", Line 1105, in function create_widgets
2025-03-27 20:04:17,779 [INFO] user_interface - Creating output area
File "d:\Users\ChenRunsen\My-Project\Application_Project\System-Safety-Tools\user_interface.py", Line 1321, in function create_output_area
2025-03-27 20:04:17,841 [INFO] user_interface - Output area created
File "d:\Users\ChenRunsen\My-Project\Application_Project\System-Safety-Tools\user_interface.py", Line 1366, in function create_output_area
2025-03-27 20:04:17,842 [INFO] user_interface - Creating header
File "d:\Users\ChenRunsen\My-Project\Application_Project\System-Safety-Tools\user_interface.py", Line 1128, in function create_header
2025-03-27 20:04:18,655 [INFO] user_interface - Header created successfully
File "d:\Users\ChenRunsen\My-Project\Application_Project\System-Safety-Tools\user_interface.py", Line 1205, in function create_header
2025-03-27 20:04:18,655 [INFO] user_interface - Creating function buttons
File "d:\Users\ChenRunsen\My-Project\Application_Project\System-Safety-Tools\user_interface.py", Line 1213, in function create_function_buttons
2025-03-27 20:04:18,924 [INFO] user_interface - Created 9 function buttons
File "d:\Users\ChenRunsen\My-Project\Application_Project\System-Safety-Tools\user_interface.py", Line 1289, in function create_function_buttons
2025-03-27 20:04:18,924 [INFO] user_interface - Widgets created successfully
File "d:\Users\ChenRunsen\My-Project\Application_Project\System-Safety-Tools\user_interface.py", Line 1121, in function create_widgets
2025-03-27 20:04:18,925 [INFO] user_interface - Setting up output redirection
File "d:\Users\ChenRunsen\My-Project\Application_Project\System-Safety-Tools\user_interface.py", Line 1373, in function setup_output_redirect
2025-03-27 20:04:18,926 [INFO] user_interface - Output redirection set up successfully
File "d:\Users\ChenRunsen\My-Project\Application_Project\System-Safety-Tools\user_interface.py", Line 1393, in function setup_output_redirect
2025-03-27 20:04:18,926 [INFO] user_interface - Enhancing visual effects
File "d:\Users\ChenRunsen\My-Project\Application_Project\System-Safety-Tools\user_interface.py", Line 3170, in function enhance_visual_effects
2025-03-27 20:04:18,928 [INFO] user_interface - Visual effects enhanced
File "d:\Users\ChenRunsen\My-Project\Application_Project\System-Safety-Tools\user_interface.py", Line 3191, in function enhance_visual_effects
2025-03-27 20:04:18,929 [INFO] user_interface - Applying frame transition animations
File "d:\Users\ChenRunsen\My-Project\Application_Project\System-Safety-Tools\user_interface.py", Line 1689, in function animate_frame_transition
2025-03-27 20:04:18,930 [INFO] user_interface - SystemSafetyToolsGUI initialized
File "d:\Users\ChenRunsen\My-Project\Application_Project\System-Safety-Tools\user_interface.py", Line 754, in function __init__
2025-03-27 20:04:19,147 [DEBUG] user_interface - Window resized to 1075x604
File "d:\Users\ChenRunsen\My-Project\Application_Project\System-Safety-Tools\user_interface.py", Line 835, in function _on_window_resize
2025-03-27 20:04:19,149 [ERROR] user_interface - Button animation error: window ".!frame.!frame3.!button" isn't packed
File "d:\Users\ChenRunsen\My-Project\Application_Project\System-Safety-Tools\user_interface.py", Line 1734, in function apply_button_animation
2025-03-27 20:04:19,150 [ERROR] user_interface - Button animation error: window ".!frame.!frame3.!button2" isn't packed
File "d:\Users\ChenRunsen\My-Project\Application_Project\System-Safety-Tools\user_interface.py", Line 1734, in function apply_button_animation
2025-03-27 20:04:19,150 [ERROR] user_interface - Button animation error: window ".!frame.!frame3.!button3" isn't packed
File "d:\Users\ChenRunsen\My-Project\Application_Project\System-Safety-Tools\user_interface.py", Line 1734, in function apply_button_animation
2025-03-27 20:04:19,151 [ERROR] user_interface - Button animation error: window ".!frame.!frame3.!button4" isn't packed
File "d:\Users\ChenRunsen\My-Project\Application_Project\System-Safety-Tools\user_interface.py", Line 1734, in function apply_button_animation
2025-03-27 20:04:19,232 [ERROR] user_interface - Button animation error: window ".!frame.!frame3.!button5" isn't packed
File "d:\Users\ChenRunsen\My-Project\Application_Project\System-Safety-Tools\user_interface.py", Line 1734, in function apply_button_animation
2025-03-27 20:04:19,233 [ERROR] user_interface - Button animation error: window ".!frame.!frame3.!button6" isn't packed
File "d:\Users\ChenRunsen\My-Project\Application_Project\System-Safety-Tools\user_interface.py", Line 1734, in function apply_button_animation
2025-03-27 20:04:19,534 [ERROR] user_interface - Button animation error: window ".!frame.!frame3.!button7" isn't packed
File "d:\Users\ChenRunsen\My-Project\Application_Project\System-Safety-Tools\user_interface.py", Line 1734, in function apply_button_animation
2025-03-27 20:04:19,535 [ERROR] user_interface - Button animation error: window ".!frame.!frame3.!button8" isn't packed
File "d:\Users\ChenRunsen\My-Project\Application_Project\System-Safety-Tools\user_interface.py", Line 1734, in function apply_button_animation
2025-03-27 20:04:19,536 [ERROR] user_interface - Button animation error: window ".!frame.!frame3.!button9" isn't packed
File "d:\Users\ChenRunsen\My-Project\Application_Project\System-Safety-Tools\user_interface.py", Line 1734, in function apply_button_animation
2025-03-27 20:04:22,116 [DEBUG] user_interface - Window resized to 1536x801
File "d:\Users\ChenRunsen\My-Project\Application_Project\System-Safety-Tools\user_interface.py", Line 835, in function _on_window_resize
2025-03-27 20:04:33,865 [DEBUG] user_interface - Window resized to 1536x801
File "d:\Users\ChenRunsen\My-Project\Application_Project\System-Safety-Tools\user_interface.py", Line 835, in function _on_window_resize
2025-03-27 20:04:39,192 [DEBUG] user_interface - Window resized to 1536x801
File "d:\Users\ChenRunsen\My-Project\Application_Project\System-Safety-Tools\user_interface.py", Line 835, in function _on_window_resize
2025-03-27 20:04:42,271 [INFO] user_interface - Setting up styles
File "d:\Users\ChenRunsen\My-Project\Application_Project\System-Safety-Tools\user_interface.py", Line 839, in function setup_styles
2025-03-27 20:04:42,273 [INFO] user_interface - Styles set up successfully
File "d:\Users\ChenRunsen\My-Project\Application_Project\System-Safety-Tools\user_interface.py", Line 1098, in function setup_styles
2025-03-27 20:04:43,680 [INFO] user_interface - Setting up styles
File "d:\Users\ChenRunsen\My-Project\Application_Project\System-Safety-Tools\user_interface.py", Line 839, in function setup_styles
2025-03-27 20:04:43,682 [INFO] user_interface - Styles set up successfully
File "d:\Users\ChenRunsen\My-Project\Application_Project\System-Safety-Tools\user_interface.py", Line 1098, in function setup_styles
2025-03-27 20:04:46,386 [ERROR] user_interface - 设置面板错误: 'SystemSafetyToolsGUI' object has no attribute 'left_frame'
File "d:\Users\ChenRunsen\My-Project\Application_Project\System-Safety-Tools\user_interface.py", Line 2015, in function show_settings
Traceback (most recent call last):
  File "d:\Users\ChenRunsen\My-Project\Application_Project\System-Safety-Tools\user_interface.py", line 1786, in show_settings
    self.original_left_frame = self.left_frame
                               ^^^^^^^^^^^^^^^
AttributeError: 'SystemSafetyToolsGUI' object has no attribute 'left_frame'
2025-03-27 20:04:51,877 [DEBUG] user_interface - Window resized to 1536x801
File "d:\Users\ChenRunsen\My-Project\Application_Project\System-Safety-Tools\user_interface.py", Line 835, in function _on_window_resize
2025-03-27 20:04:54,585 [DEBUG] user_interface - Window resized to 1536x801
File "d:\Users\ChenRunsen\My-Project\Application_Project\System-Safety-Tools\user_interface.py", Line 835, in function _on_window_resize
2025-03-27 20:04:57,029 [INFO] user_interface - Running tool 9
File "d:\Users\ChenRunsen\My-Project\Application_Project\System-Safety-Tools\user_interface.py", Line 1410, in function run_tool
2025-03-27 20:04:59,501 [INFO] user_interface - Starting quick virus scan
File "d:\Users\ChenRunsen\My-Project\Application_Project\System-Safety-Tools\user_interface.py", Line 2725, in function _execute_virus_scan
2025-03-27 20:04:59,502 [INFO] user_interface - quick virus scan completed
File "d:\Users\ChenRunsen\My-Project\Application_Project\System-Safety-Tools\user_interface.py", Line 2730, in function _execute_virus_scan
2025-03-27 20:04:59,504 [DEBUG] user_interface - Window resized to 1536x801
File "d:\Users\ChenRunsen\My-Project\Application_Project\System-Safety-Tools\user_interface.py", Line 835, in function _on_window_resize
2025-03-27 20:05:01,213 [INFO] user_interface - Running tool 8
File "d:\Users\ChenRunsen\My-Project\Application_Project\System-Safety-Tools\user_interface.py", Line 1410, in function run_tool
2025-03-27 20:05:02,600 [WARNING] languages.language_config - String key not found: bootrec_commands_title, using key as value
File "d:\Users\ChenRunsen\My-Project\Application_Project\System-Safety-Tools\languages\language_config.py", Line 235, in function get_string
2025-03-27 20:05:02,639 [WARNING] languages.language_config - String key not found: enter_bootrec_command, using key as value
File "d:\Users\ChenRunsen\My-Project\Application_Project\System-Safety-Tools\languages\language_config.py", Line 235, in function get_string
2025-03-27 20:05:02,642 [WARNING] languages.language_config - String key not found: execute, using key as value
File "d:\Users\ChenRunsen\My-Project\Application_Project\System-Safety-Tools\languages\language_config.py", Line 235, in function get_string
2025-03-27 20:05:02,646 [WARNING] languages.language_config - String key not found: command_output, using key as value
File "d:\Users\ChenRunsen\My-Project\Application_Project\System-Safety-Tools\languages\language_config.py", Line 235, in function get_string
2025-03-27 20:05:02,650 [WARNING] languages.language_config - String key not found: close, using key as value
File "d:\Users\ChenRunsen\My-Project\Application_Project\System-Safety-Tools\languages\language_config.py", Line 235, in function get_string
2025-03-27 20:05:04,226 [DEBUG] user_interface - Window resized to 1536x801
File "d:\Users\ChenRunsen\My-Project\Application_Project\System-Safety-Tools\user_interface.py", Line 835, in function _on_window_resize
2025-03-27 20:05:05,091 [INFO] user_interface - Running tool 7
File "d:\Users\ChenRunsen\My-Project\Application_Project\System-Safety-Tools\user_interface.py", Line 1410, in function run_tool
2025-03-27 20:05:07,479 [INFO] delete_useless_file - Init cleanup module: ['C:', 'D:', 'E:']
File "d:\Users\ChenRunsen\My-Project\Application_Project\System-Safety-Tools\delete_useless_file.py", Line 21, in function __init__
2025-03-27 20:05:07,480 [INFO] tools - 驱动器检查工具初始化
File "d:\Users\ChenRunsen\My-Project\Application_Project\System-Safety-Tools\tools.py", Line 143, in function __init__
2025-03-27 20:05:07,481 [INFO] user_interface - Check single drive selected
File "d:\Users\ChenRunsen\My-Project\Application_Project\System-Safety-Tools\user_interface.py", Line 2467, in function show_drive_check_dialog
2025-03-27 20:05:07,531 [DEBUG] user_interface - Window resized to 1536x801
File "d:\Users\ChenRunsen\My-Project\Application_Project\System-Safety-Tools\user_interface.py", Line 835, in function _on_window_resize
2025-03-27 20:05:08,940 [INFO] user_interface - Drive selection cancelled
File "d:\Users\ChenRunsen\My-Project\Application_Project\System-Safety-Tools\user_interface.py", Line 3563, in function check_one_drive_gui
2025-03-27 20:05:09,734 [INFO] user_interface - Running tool 7
File "d:\Users\ChenRunsen\My-Project\Application_Project\System-Safety-Tools\user_interface.py", Line 1410, in function run_tool
2025-03-27 20:05:12,526 [INFO] delete_useless_file - Init cleanup module: ['C:', 'D:', 'E:']
File "d:\Users\ChenRunsen\My-Project\Application_Project\System-Safety-Tools\delete_useless_file.py", Line 21, in function __init__
2025-03-27 20:05:12,527 [INFO] tools - 驱动器检查工具初始化
File "d:\Users\ChenRunsen\My-Project\Application_Project\System-Safety-Tools\tools.py", Line 143, in function __init__
2025-03-27 20:05:12,528 [INFO] user_interface - Check all drives selected
File "d:\Users\ChenRunsen\My-Project\Application_Project\System-Safety-Tools\user_interface.py", Line 2470, in function show_drive_check_dialog
2025-03-27 20:05:12,529 [DEBUG] user_interface - Window resized to 1536x801
File "d:\Users\ChenRunsen\My-Project\Application_Project\System-Safety-Tools\user_interface.py", Line 835, in function _on_window_resize
2025-03-27 20:05:13,640 [INFO] tools - 正在检查所有驱动器
File "d:\Users\ChenRunsen\My-Project\Application_Project\System-Safety-Tools\tools.py", Line 147, in function check_all_drive
