2025-03-24 21:16:23,393 [INFO] root - Log file created: logs\system_safety_tools_20250324_211623.log
File "d:\Users\ChenRunsen\My-Project\Application_Project\System-Safety-Tools\log_utils.py", Line 50, in function _setup_logging
2025-03-24 21:16:23,394 [INFO] root - system_tools_started
File "d:\Users\ChenRunsen\My-Project\Application_Project\System-Safety-Tools\log_utils.py", Line 51, in function _setup_logging
2025-03-24 21:16:24,465 [INFO] root - system_info
File "d:\Users\ChenRunsen\My-Project\Application_Project\System-Safety-Tools\log_utils.py", Line 70, in function _log_system_info
2025-03-24 21:16:24,474 [INFO] root -   python_version: 3.13.1 (tags/v3.13.1:0671451, Dec  3 2024, 19:06:28) [MSC v.1942 64 bit (AMD64)]
File "d:\Users\ChenRunsen\My-Project\Application_Project\System-Safety-Tools\log_utils.py", Line 72, in function _log_system_info
2025-03-24 21:16:24,475 [INFO] root -   platform_info: Windows-10-10.0.19045-SP0
File "d:\Users\ChenRunsen\My-Project\Application_Project\System-Safety-Tools\log_utils.py", Line 72, in function _log_system_info
2025-03-24 21:16:24,475 [INFO] root -   machine_type: AMD64
File "d:\Users\ChenRunsen\My-Project\Application_Project\System-Safety-Tools\log_utils.py", Line 72, in function _log_system_info
2025-03-24 21:16:24,476 [INFO] root -   processor: AMD64 Family 23 Model 17 Stepping 0, AuthenticAMD
File "d:\Users\ChenRunsen\My-Project\Application_Project\System-Safety-Tools\log_utils.py", Line 72, in function _log_system_info
2025-03-24 21:16:24,862 [INFO] delete_useless_file - Init cleanup module: ['C:', 'D:', 'E:']
File "d:\Users\ChenRunsen\My-Project\Application_Project\System-Safety-Tools\delete_useless_file.py", Line 21, in function __init__
2025-03-24 21:16:24,863 [INFO] tools - 驱动器检查工具初始化
File "d:\Users\ChenRunsen\My-Project\Application_Project\System-Safety-Tools\tools.py", Line 143, in function __init__
2025-03-24 21:16:24,864 [INFO] __main__ - Starting SystemSafetyTools
File "d:\Users\ChenRunsen\My-Project\Application_Project\System-Safety-Tools\system-safety-tools.py", Line 14, in function main
2025-03-24 21:16:24,867 [INFO] languages.language_config - Language set to: zh
File "d:\Users\ChenRunsen\My-Project\Application_Project\System-Safety-Tools\languages\language_config.py", Line 199, in function set_language
2025-03-24 21:16:24,868 [INFO] config.settings_manager - 已加载语言设置: zh
File "d:\Users\ChenRunsen\My-Project\Application_Project\System-Safety-Tools\config\settings_manager.py", Line 67, in function load_settings
2025-03-24 21:16:26,925 [INFO] user_interface - Loaded programmatically generated icons
File "d:\Users\ChenRunsen\My-Project\Application_Project\System-Safety-Tools\user_interface.py", Line 707, in function load_images
2025-03-24 21:16:27,734 [INFO] user_interface - GUI interface initialized
File "d:\Users\ChenRunsen\My-Project\Application_Project\System-Safety-Tools\user_interface.py", Line 697, in function __init__
2025-03-24 21:16:35,523 [INFO] system_check_fix - Running system file checker (sfc /scannow)
File "d:\Users\ChenRunsen\My-Project\Application_Project\System-Safety-Tools\system_check_fix.py", Line 18, in function sfc_scannow
2025-03-24 21:16:35,941 [ERROR] system_check_fix - SFC failed with return code: 1
File "d:\Users\ChenRunsen\My-Project\Application_Project\System-Safety-Tools\system_check_fix.py", Line 43, in function sfc_scannow
2025-03-24 21:16:35,945 [ERROR] system_check_fix - Error output: 
File "d:\Users\ChenRunsen\My-Project\Application_Project\System-Safety-Tools\system_check_fix.py", Line 44, in function sfc_scannow
2025-03-24 21:16:39,081 [INFO] tools - GPU basic info
File "d:\Users\ChenRunsen\My-Project\Application_Project\System-Safety-Tools\tools.py", Line 60, in function gpu_basic_info
2025-03-24 21:16:43,237 [INFO] tools - 启动 Windows DISM 工具
File "d:\Users\ChenRunsen\My-Project\Application_Project\System-Safety-Tools\tools.py", Line 23, in function windows_dism_tools
2025-03-24 21:16:52,863 [INFO] tools - GPU basic info
File "d:\Users\ChenRunsen\My-Project\Application_Project\System-Safety-Tools\tools.py", Line 60, in function gpu_basic_info
2025-03-24 21:17:22,206 [ERROR] system_check_fix - Network reset error: Command '['netsh', 'winsock', 'reset']' returned non-zero exit status 1.
File "d:\Users\ChenRunsen\My-Project\Application_Project\System-Safety-Tools\system_check_fix.py", Line 217, in function netsh_winsock_reset
2025-03-24 21:18:08,303 [WARNING] languages.language_config - String key not found: select_language, using key as value
File "d:\Users\ChenRunsen\My-Project\Application_Project\System-Safety-Tools\languages\language_config.py", Line 235, in function get_string
2025-03-24 21:18:08,313 [WARNING] languages.language_config - String key not found: select_theme, using key as value
File "d:\Users\ChenRunsen\My-Project\Application_Project\System-Safety-Tools\languages\language_config.py", Line 235, in function get_string
2025-03-24 21:18:39,420 [INFO] user_interface - Application closing
File "d:\Users\ChenRunsen\My-Project\Application_Project\System-Safety-Tools\user_interface.py", Line 1198, in function on_close
