2025-03-27 20:24:36,966 [INFO] root - Log file created: logs\system_safety_tools_20250327_202436.log
File "d:\Users\ChenRunsen\My-Project\Application_Project\System-Safety-Tools\log_utils.py", Line 50, in function _setup_logging
2025-03-27 20:24:36,967 [INFO] root - system_tools_started
File "d:\Users\ChenRunsen\My-Project\Application_Project\System-Safety-Tools\log_utils.py", Line 51, in function _setup_logging
2025-03-27 20:24:37,285 [INFO] root - system_info
File "d:\Users\ChenRunsen\My-Project\Application_Project\System-Safety-Tools\log_utils.py", Line 70, in function _log_system_info
2025-03-27 20:24:37,285 [INFO] root -   python_version: 3.13.1 (tags/v3.13.1:0671451, Dec  3 2024, 19:06:28) [MSC v.1942 64 bit (AMD64)]
File "d:\Users\ChenRunsen\My-Project\Application_Project\System-Safety-Tools\log_utils.py", Line 72, in function _log_system_info
2025-03-27 20:24:37,286 [INFO] root -   platform_info: Windows-10-10.0.19045-SP0
File "d:\Users\ChenRunsen\My-Project\Application_Project\System-Safety-Tools\log_utils.py", Line 72, in function _log_system_info
2025-03-27 20:24:37,286 [INFO] root -   machine_type: AMD64
File "d:\Users\ChenRunsen\My-Project\Application_Project\System-Safety-Tools\log_utils.py", Line 72, in function _log_system_info
2025-03-27 20:24:37,287 [INFO] root -   processor: AMD64 Family 23 Model 17 Stepping 0, AuthenticAMD
File "d:\Users\ChenRunsen\My-Project\Application_Project\System-Safety-Tools\log_utils.py", Line 72, in function _log_system_info
2025-03-27 20:24:37,665 [INFO] delete_useless_file - Init cleanup module: ['C:', 'D:', 'E:']
File "d:\Users\ChenRunsen\My-Project\Application_Project\System-Safety-Tools\delete_useless_file.py", Line 21, in function __init__
2025-03-27 20:24:37,665 [INFO] tools - 驱动器检查工具初始化
File "d:\Users\ChenRunsen\My-Project\Application_Project\System-Safety-Tools\tools.py", Line 143, in function __init__
2025-03-27 20:24:37,667 [INFO] __main__ - Starting SystemSafetyTools
File "d:\Users\ChenRunsen\My-Project\Application_Project\System-Safety-Tools\system-safety-tools.py", Line 14, in function main
2025-03-27 20:24:37,669 [INFO] languages.language_config - Language set to: zh
File "d:\Users\ChenRunsen\My-Project\Application_Project\System-Safety-Tools\languages\language_config.py", Line 199, in function set_language
2025-03-27 20:24:37,669 [INFO] config.settings_manager - 已加载语言设置: zh
File "d:\Users\ChenRunsen\My-Project\Application_Project\System-Safety-Tools\config\settings_manager.py", Line 67, in function load_settings
2025-03-27 20:24:37,835 [INFO] user_interface - Initializing SystemSafetyToolsGUI
File "d:\Users\ChenRunsen\My-Project\Application_Project\System-Safety-Tools\user_interface.py", Line 709, in function __init__
2025-03-27 20:24:37,836 [INFO] user_interface - Theme configuration file not found, using default
File "d:\Users\ChenRunsen\My-Project\Application_Project\System-Safety-Tools\user_interface.py", Line 3283, in function _load_theme_config
2025-03-27 20:24:37,836 [INFO] user_interface - Setting up window
File "d:\Users\ChenRunsen\My-Project\Application_Project\System-Safety-Tools\user_interface.py", Line 776, in function setup_window
2025-03-27 20:24:37,837 [INFO] user_interface - Window configured with size 1075x604
File "d:\Users\ChenRunsen\My-Project\Application_Project\System-Safety-Tools\user_interface.py", Line 809, in function setup_window
2025-03-27 20:24:37,844 [INFO] user_interface - Styles set up successfully
File "d:\Users\ChenRunsen\My-Project\Application_Project\System-Safety-Tools\user_interface.py", Line 1132, in function setup_styles
2025-03-27 20:24:37,878 [INFO] user_interface - Loaded programmatically generated icons
File "d:\Users\ChenRunsen\My-Project\Application_Project\System-Safety-Tools\user_interface.py", Line 768, in function load_images
2025-03-27 20:24:37,879 [INFO] user_interface - Creating widgets
File "d:\Users\ChenRunsen\My-Project\Application_Project\System-Safety-Tools\user_interface.py", Line 1139, in function create_widgets
2025-03-27 20:24:37,887 [INFO] user_interface - Creating header
File "d:\Users\ChenRunsen\My-Project\Application_Project\System-Safety-Tools\user_interface.py", Line 1204, in function create_header
2025-03-27 20:24:38,694 [INFO] user_interface - Header created successfully
File "d:\Users\ChenRunsen\My-Project\Application_Project\System-Safety-Tools\user_interface.py", Line 1281, in function create_header
2025-03-27 20:24:38,698 [INFO] user_interface - Creating function buttons
File "d:\Users\ChenRunsen\My-Project\Application_Project\System-Safety-Tools\user_interface.py", Line 1289, in function create_function_buttons
2025-03-27 20:24:38,968 [INFO] user_interface - Created 9 function buttons
File "d:\Users\ChenRunsen\My-Project\Application_Project\System-Safety-Tools\user_interface.py", Line 1358, in function create_function_buttons
2025-03-27 20:24:38,969 [INFO] user_interface - Creating output area
File "d:\Users\ChenRunsen\My-Project\Application_Project\System-Safety-Tools\user_interface.py", Line 1390, in function create_output_area
2025-03-27 20:24:39,039 [INFO] user_interface - Output area created
File "d:\Users\ChenRunsen\My-Project\Application_Project\System-Safety-Tools\user_interface.py", Line 1432, in function create_output_area
2025-03-27 20:24:39,042 [INFO] user_interface - Status bar created successfully
File "d:\Users\ChenRunsen\My-Project\Application_Project\System-Safety-Tools\user_interface.py", Line 1197, in function create_status_bar
2025-03-27 20:24:39,045 [INFO] user_interface - Widgets created successfully
File "d:\Users\ChenRunsen\My-Project\Application_Project\System-Safety-Tools\user_interface.py", Line 1177, in function create_widgets
2025-03-27 20:24:39,047 [INFO] user_interface - Setting up output redirection
File "d:\Users\ChenRunsen\My-Project\Application_Project\System-Safety-Tools\user_interface.py", Line 1439, in function setup_output_redirect
2025-03-27 20:24:39,049 [INFO] user_interface - Output redirection set up successfully
File "d:\Users\ChenRunsen\My-Project\Application_Project\System-Safety-Tools\user_interface.py", Line 1459, in function setup_output_redirect
2025-03-27 20:24:39,049 [INFO] user_interface - Enhancing visual effects
File "d:\Users\ChenRunsen\My-Project\Application_Project\System-Safety-Tools\user_interface.py", Line 3361, in function enhance_visual_effects
2025-03-27 20:24:39,051 [INFO] user_interface - Button hover effects added
File "d:\Users\ChenRunsen\My-Project\Application_Project\System-Safety-Tools\user_interface.py", Line 3515, in function _add_button_hover_effects
2025-03-27 20:24:39,054 [INFO] user_interface - Visual effects enhanced
File "d:\Users\ChenRunsen\My-Project\Application_Project\System-Safety-Tools\user_interface.py", Line 3382, in function enhance_visual_effects
2025-03-27 20:24:39,055 [INFO] user_interface - Applying frame transition animations
File "d:\Users\ChenRunsen\My-Project\Application_Project\System-Safety-Tools\user_interface.py", Line 1766, in function animate_frame_transition
2025-03-27 20:24:39,055 [INFO] user_interface - SystemSafetyToolsGUI initialized
File "d:\Users\ChenRunsen\My-Project\Application_Project\System-Safety-Tools\user_interface.py", Line 754, in function __init__
2025-03-27 20:24:39,328 [DEBUG] user_interface - Window resized to 1075x604
File "d:\Users\ChenRunsen\My-Project\Application_Project\System-Safety-Tools\user_interface.py", Line 854, in function _on_window_resize
2025-03-27 20:24:42,218 [DEBUG] user_interface - Window resized to 1536x801
File "d:\Users\ChenRunsen\My-Project\Application_Project\System-Safety-Tools\user_interface.py", Line 854, in function _on_window_resize
2025-03-27 20:24:44,244 [DEBUG] user_interface - Window resized to 1075x604
File "d:\Users\ChenRunsen\My-Project\Application_Project\System-Safety-Tools\user_interface.py", Line 854, in function _on_window_resize
2025-03-27 20:24:48,453 [INFO] user_interface - Styles set up successfully
File "d:\Users\ChenRunsen\My-Project\Application_Project\System-Safety-Tools\user_interface.py", Line 1132, in function setup_styles
2025-03-27 20:24:48,469 [WARNING] languages.language_config - String key not found: dark_mode_activated, using key as value
File "d:\Users\ChenRunsen\My-Project\Application_Project\System-Safety-Tools\languages\language_config.py", Line 235, in function get_string
2025-03-27 20:24:48,472 [INFO] user_interface - Applying frame transition animations
File "d:\Users\ChenRunsen\My-Project\Application_Project\System-Safety-Tools\user_interface.py", Line 1766, in function animate_frame_transition
2025-03-27 20:24:49,838 [INFO] user_interface - Styles set up successfully
File "d:\Users\ChenRunsen\My-Project\Application_Project\System-Safety-Tools\user_interface.py", Line 1132, in function setup_styles
2025-03-27 20:24:49,846 [WARNING] languages.language_config - String key not found: light_mode_activated, using key as value
File "d:\Users\ChenRunsen\My-Project\Application_Project\System-Safety-Tools\languages\language_config.py", Line 235, in function get_string
2025-03-27 20:24:49,848 [INFO] user_interface - Applying frame transition animations
File "d:\Users\ChenRunsen\My-Project\Application_Project\System-Safety-Tools\user_interface.py", Line 1766, in function animate_frame_transition
2025-03-27 20:24:54,803 [DEBUG] user_interface - Window resized to 1075x604
File "d:\Users\ChenRunsen\My-Project\Application_Project\System-Safety-Tools\user_interface.py", Line 854, in function _on_window_resize
2025-03-27 20:24:54,828 [DEBUG] user_interface - Window resized to 1075x604
File "d:\Users\ChenRunsen\My-Project\Application_Project\System-Safety-Tools\user_interface.py", Line 854, in function _on_window_resize
2025-03-27 20:24:56,076 [ERROR] user_interface - 设置面板错误: cannot use geometry manager pack inside .!frame.!frame2 which already has slaves managed by grid
File "d:\Users\ChenRunsen\My-Project\Application_Project\System-Safety-Tools\user_interface.py", Line 2092, in function show_settings
Traceback (most recent call last):
  File "d:\Users\ChenRunsen\My-Project\Application_Project\System-Safety-Tools\user_interface.py", line 1872, in show_settings
    settings_frame.pack(fill=tk.BOTH, expand=True, padx=15, pady=15)
    ~~~~~~~~~~~~~~~~~~~^^^^^^^^^^^^^^^^^^^^^^^^^^^^^^^^^^^^^^^^^^^^^
  File "D:\Program Files\Python\Python313\Lib\tkinter\__init__.py", line 2596, in pack_configure
    self.tk.call(
    ~~~~~~~~~~~~^
          ('pack', 'configure', self._w)
          ^^^^^^^^^^^^^^^^^^^^^^^^^^^^^^
          + self._options(cnf, kw))
          ^^^^^^^^^^^^^^^^^^^^^^^^^
_tkinter.TclError: cannot use geometry manager pack inside .!frame.!frame2 which already has slaves managed by grid
