2025-03-24 20:14:16,392 [INFO] root - Log file created: logs\system_safety_tools_20250324_201416.log
File "d:\Users\ChenRunsen\My-Project\Application_Project\System-Safety-Tools\log_utils.py", Line 50, in function _setup_logging
2025-03-24 20:14:16,392 [INFO] root - system_tools_started
File "d:\Users\ChenRunsen\My-Project\Application_Project\System-Safety-Tools\log_utils.py", Line 51, in function _setup_logging
2025-03-24 20:14:17,079 [INFO] root - system_info
File "d:\Users\ChenRunsen\My-Project\Application_Project\System-Safety-Tools\log_utils.py", Line 70, in function _log_system_info
2025-03-24 20:14:17,080 [INFO] root -   python_version: 3.13.1 (tags/v3.13.1:0671451, Dec  3 2024, 19:06:28) [MSC v.1942 64 bit (AMD64)]
File "d:\Users\ChenRunsen\My-Project\Application_Project\System-Safety-Tools\log_utils.py", Line 72, in function _log_system_info
2025-03-24 20:14:17,080 [INFO] root -   platform_info: Windows-10-10.0.19045-SP0
File "d:\Users\ChenRunsen\My-Project\Application_Project\System-Safety-Tools\log_utils.py", Line 72, in function _log_system_info
2025-03-24 20:14:17,080 [INFO] root -   machine_type: AMD64
File "d:\Users\ChenRunsen\My-Project\Application_Project\System-Safety-Tools\log_utils.py", Line 72, in function _log_system_info
2025-03-24 20:14:17,080 [INFO] root -   processor: AMD64 Family 23 Model 17 Stepping 0, AuthenticAMD
File "d:\Users\ChenRunsen\My-Project\Application_Project\System-Safety-Tools\log_utils.py", Line 72, in function _log_system_info
2025-03-24 20:14:17,458 [INFO] delete_useless_file - Init cleanup module: ['C:', 'D:', 'E:']
File "d:\Users\ChenRunsen\My-Project\Application_Project\System-Safety-Tools\delete_useless_file.py", Line 21, in function __init__
2025-03-24 20:14:17,458 [INFO] tools - 缺失的字符串键值: driver_check_tool_init
File "d:\Users\ChenRunsen\My-Project\Application_Project\System-Safety-Tools\tools.py", Line 143, in function __init__
2025-03-24 20:14:17,459 [INFO] __main__ - Starting SystemSafetyTools
File "d:\Users\ChenRunsen\My-Project\Application_Project\System-Safety-Tools\system-safety-tools.py", Line 14, in function main
2025-03-24 20:14:17,460 [INFO] config.settings_manager - 已加载语言设置: en
File "d:\Users\ChenRunsen\My-Project\Application_Project\System-Safety-Tools\config\settings_manager.py", Line 67, in function load_settings
2025-03-24 20:14:20,754 [INFO] user_interface - GUI interface initialized
File "d:\Users\ChenRunsen\My-Project\Application_Project\System-Safety-Tools\user_interface.py", Line 664, in function __init__
2025-03-24 20:14:26,196 [INFO] user_interface - 语言已切换为中文
File "d:\Users\ChenRunsen\My-Project\Application_Project\System-Safety-Tools\user_interface.py", Line 1380, in function change_language
2025-03-24 20:14:26,197 [INFO] config.settings_manager - 已保存语言设置: zh
File "d:\Users\ChenRunsen\My-Project\Application_Project\System-Safety-Tools\config\settings_manager.py", Line 85, in function save_settings
2025-03-24 20:14:30,117 [INFO] user_interface - Application closing
File "d:\Users\ChenRunsen\My-Project\Application_Project\System-Safety-Tools\user_interface.py", Line 1228, in function on_close
